TN:
SF:src\modules\Users\services\CreateUserService.ts
FN:16,CreateUserService
FN:22,execute
FNF:2
FNH:2
FNDA:5,CreateUserService
FNDA:5,execute
DA:1,1
DA:2,1
DA:3,1
DA:4,1
DA:5,1
DA:6,1
DA:7,1
DA:8,1
DA:9,1
DA:10,1
DA:11,1
DA:12,1
DA:13,1
DA:14,1
DA:15,1
DA:16,1
DA:17,5
DA:18,5
DA:19,5
DA:20,1
DA:21,1
DA:22,1
DA:23,5
DA:24,5
DA:25,5
DA:26,1
DA:27,1
DA:28,4
DA:29,5
DA:30,5
DA:31,5
DA:32,1
DA:33,1
DA:34,3
DA:35,3
DA:36,3
DA:37,3
DA:38,3
DA:39,3
DA:40,3
DA:41,3
DA:42,3
DA:43,3
DA:44,3
DA:45,1
DA:46,1
DA:47,1
LF:47
LH:47
BRDA:16,0,0,5
BRDA:22,1,0,5
BRDA:25,2,0,1
BRDA:28,3,0,4
BRDA:29,4,0,3
BRDA:29,5,0,3
BRDA:31,6,0,1
BRDA:34,7,0,3
BRF:8
BRH:8
end_of_record
TN:
SF:src\modules\Users\services\FindAllUsersService.ts
FN:8,FindAllUsersService
FN:14,execute
FNF:2
FNH:2
FNDA:2,FindAllUsersService
FNDA:2,execute
DA:1,1
DA:2,1
DA:3,1
DA:4,1
DA:5,1
DA:6,1
DA:7,1
DA:8,1
DA:9,2
DA:10,2
DA:11,2
DA:12,1
DA:13,1
DA:14,1
DA:15,2
DA:16,2
DA:17,2
DA:18,1
DA:19,1
DA:20,1
DA:21,1
DA:22,1
DA:23,1
DA:24,1
DA:25,1
LF:25
LH:25
BRDA:8,0,0,2
BRDA:14,1,0,2
BRDA:17,2,0,1
BRF:3
BRH:3
end_of_record
