TN:
SF:src\modules\Users\services\CreateUserService.ts
FN:16,CreateUserService
FN:22,execute
FNF:2
FNH:2
FNDA:11,CreateUserService
FNDA:8,execute
DA:1,1
DA:2,1
DA:3,1
DA:4,1
DA:5,1
DA:6,1
DA:7,1
DA:8,1
DA:9,1
DA:10,1
DA:11,1
DA:12,1
DA:13,1
DA:14,1
DA:15,1
DA:16,1
DA:17,11
DA:18,11
DA:19,11
DA:20,1
DA:21,1
DA:22,1
DA:23,8
DA:24,8
DA:25,8
DA:26,1
DA:27,1
DA:28,7
DA:29,8
DA:30,8
DA:31,8
DA:32,1
DA:33,1
DA:34,6
DA:35,6
DA:36,6
DA:37,6
DA:38,6
DA:39,6
DA:40,6
DA:41,6
DA:42,6
DA:43,6
DA:44,6
DA:45,1
LF:45
LH:45
BRDA:16,0,0,11
BRDA:22,1,0,8
BRDA:25,2,0,1
BRDA:28,3,0,7
BRDA:29,4,0,6
BRDA:29,5,0,6
BRDA:31,6,0,1
BRDA:34,7,0,6
BRF:8
BRH:8
end_of_record
TN:
SF:src\modules\Users\services\FindAllUsersService.ts
FN:8,FindAllUsersService
FN:14,execute
FNF:2
FNH:2
FNDA:2,FindAllUsersService
FNDA:2,execute
DA:1,1
DA:2,1
DA:3,1
DA:4,1
DA:5,1
DA:6,1
DA:7,1
DA:8,1
DA:9,2
DA:10,2
DA:11,2
DA:12,1
DA:13,1
DA:14,1
DA:15,2
DA:16,2
DA:17,2
DA:18,1
DA:19,1
DA:20,1
DA:21,1
DA:22,1
DA:23,1
LF:23
LH:23
BRDA:8,0,0,2
BRDA:14,1,0,2
BRDA:17,2,0,1
BRF:3
BRH:3
end_of_record
TN:
SF:src\modules\Users\services\FindUserByEmailService.ts
FN:12,FindUserByEmailService
FN:18,execute
FNF:2
FNH:2
FNDA:2,FindUserByEmailService
FNDA:2,execute
DA:1,1
DA:2,1
DA:3,1
DA:4,1
DA:5,1
DA:6,1
DA:7,1
DA:8,1
DA:9,1
DA:10,1
DA:11,1
DA:12,1
DA:13,2
DA:14,2
DA:15,2
DA:16,1
DA:17,1
DA:18,1
DA:19,2
DA:20,2
DA:21,2
DA:22,1
DA:23,1
DA:24,1
DA:25,1
DA:26,1
DA:27,1
LF:27
LH:27
BRDA:12,0,0,2
BRDA:18,1,0,2
BRDA:21,2,0,1
BRF:3
BRH:3
end_of_record
TN:
SF:src\modules\Users\services\FindUserByIdService.ts
FN:12,FindUserByIdService
FN:18,execute
FNF:2
FNH:2
FNDA:2,FindUserByIdService
FNDA:2,execute
DA:1,1
DA:2,1
DA:3,1
DA:4,1
DA:5,1
DA:6,1
DA:7,1
DA:8,1
DA:9,1
DA:10,1
DA:11,1
DA:12,1
DA:13,2
DA:14,2
DA:15,2
DA:16,1
DA:17,1
DA:18,1
DA:19,2
DA:20,2
DA:21,2
DA:22,1
DA:23,1
DA:24,1
DA:25,1
DA:26,1
DA:27,1
LF:27
LH:27
BRDA:12,0,0,2
BRDA:18,1,0,2
BRDA:21,2,0,1
BRF:3
BRH:3
end_of_record
TN:
SF:src\modules\Users\services\UpdateUserService.ts
FN:14,UpdateUserService
FN:20,execute
FNF:2
FNH:2
FNDA:2,UpdateUserService
FNDA:2,execute
DA:1,1
DA:2,1
DA:3,1
DA:4,1
DA:5,1
DA:6,1
DA:7,1
DA:8,1
DA:9,1
DA:10,1
DA:11,1
DA:12,1
DA:13,1
DA:14,1
DA:15,2
DA:16,2
DA:17,2
DA:18,1
DA:19,1
DA:20,1
DA:21,2
DA:22,2
DA:23,2
DA:24,1
DA:25,1
DA:26,1
DA:27,1
DA:28,1
DA:29,1
DA:30,1
DA:31,1
DA:32,1
DA:33,1
DA:34,1
DA:35,1
LF:35
LH:35
BRDA:14,0,0,2
BRDA:20,1,0,2
BRDA:23,2,0,1
BRF:3
BRH:3
end_of_record
